  pugixml.cpp
  j1App.cpp
  j1Audio.cpp
  j1Collision.cpp
  j1FadeToBlack.cpp
  j1Input.cpp
  j1Main.cpp
  j1Map.cpp
  j1Player.cpp
C:\Users\LUCERO\Desktop\Platformer-Game\Motor2D\j1Player.cpp(141,29): warning C4244: '-=': conversión de 'float' a 'TYPE'; posible pérdida de datos
C:\Users\LUCERO\Desktop\Platformer-Game\Motor2D\j1Player.cpp(141,29): warning C4244:         with
C:\Users\LUCERO\Desktop\Platformer-Game\Motor2D\j1Player.cpp(141,29): warning C4244:         [
C:\Users\LUCERO\Desktop\Platformer-Game\Motor2D\j1Player.cpp(141,29): warning C4244:             TYPE=int
C:\Users\LUCERO\Desktop\Platformer-Game\Motor2D\j1Player.cpp(141,29): warning C4244:         ]
  j1Render.cpp
C:\Users\LUCERO\Desktop\Platformer-Game\Motor2D\j1Player.cpp(161,29): warning C4244: '+=': conversión de 'float' a 'TYPE'; posible pérdida de datos
C:\Users\LUCERO\Desktop\Platformer-Game\Motor2D\j1Player.cpp(161,29): warning C4244:         with
C:\Users\LUCERO\Desktop\Platformer-Game\Motor2D\j1Player.cpp(161,29): warning C4244:         [
C:\Users\LUCERO\Desktop\Platformer-Game\Motor2D\j1Player.cpp(161,29): warning C4244:             TYPE=int
C:\Users\LUCERO\Desktop\Platformer-Game\Motor2D\j1Player.cpp(161,29): warning C4244:         ]
C:\Users\LUCERO\Desktop\Platformer-Game\Motor2D\j1Render.cpp(133,35): warning C4244: '=': conversión de 'float' a 'int'; posible pérdida de datos
C:\Users\LUCERO\Desktop\Platformer-Game\Motor2D\j1Render.cpp(134,35): warning C4244: '=': conversión de 'float' a 'int'; posible pérdida de datos
C:\Users\LUCERO\Desktop\Platformer-Game\Motor2D\j1Render.cpp(146,22): warning C4244: '*=': conversión de 'float' a 'int'; posible pérdida de datos
  j1Scene.cpp
  j1Textures.cpp
  j1Window.cpp
  p2Log.cpp
  Generando código...
C:\Users\LUCERO\Desktop\Platformer-Game\Motor2D\j1Render.cpp(147,22): warning C4244: '*=': conversión de 'float' a 'int'; posible pérdida de datos
  LINK : no se encontró C:\Users\LUCERO\Desktop\Platformer-Game\Debug\Motor 2D.exe o no lo generó el último vínculo incremental; ejecutando vínculo completo
  Motor2D.vcxproj -> C:\Users\LUCERO\Desktop\Platformer-Game\Debug\Motor 2D.exe
